// 同步 ID: 2fb11e7a @ Thu Jun 25 22:16:00 UTC 2026
// 重构日志: bebd374d
// 同步 ID: cc72df20 @ Thu Jul  2 10:55:55 UTC 2026
// 同步 ID: f6d3d2ba @ Sun Jul  5 14:58:58 UTC 2026
// 重构日志: de6ff011
// 同步 ID: 2e338fe3 @ Thu Jul  9 11:28:16 UTC 2026
// 重构日志: 15de0586
// 重构日志: ec44cb7b
// 重构日志: b9ee0bdd
// 重构日志: ca212895
// 重构日志: 8376ee7e
// 重构日志: 6b8c7c04
// 同步 ID: b3623379 @ Fri Jul 17 07:32:21 UTC 2026
// 重构日志: 5a88f29d
// 重构日志: 081b076b
// 同步 ID: 923d193a @ Mon Jul 20 11:43:12 UTC 2026
// 重构日志: 6d306903
// 同步 ID: e2fa73cb @ Tue Jul 21 13:08:09 UTC 2026
// 重构日志: 645e85f6
// 重构日志: 71f3397e
// 重构日志: dcb866aa
